<?xml version="1.0" encoding="UTF-8"?>
<TestRun id="6b3fbb50-bded-4f01-ae9d-1910e00f7fc7" name="Administrator@SHAREPOINT 2009-10-01 21:36:57" runUser="PRESENTLY\Administrator" xmlns="http://microsoft.com/schemas/VisualStudio/TeamTest/2006">
  <TestRunConfiguration name="Local Test Run" id="5e53431e-dd66-4fb7-afc2-7ff1996d5f6a">
    <Description>This is a default test run configuration for a local test run.</Description>
    <Deployment runDeploymentRoot="C:\Documents and Settings\Administrator\My Documents\Visual Studio 2008\Projects\WebPart1\TestResults\Administrator_SHAREPOINT 2009-10-01 21_36_57" />
    <TestTypeSpecific />
  </TestRunConfiguration>
  <ResultSummary outcome="Error">
    <Counters total="3" executed="2" passed="1" error="0" failed="0" timeout="0" aborted="1" inconclusive="0" passedButRunAborted="0" notRunnable="0" notExecuted="1" disconnected="0" warning="0" completed="0" inProgress="0" pending="0" />
    <RunInfos>
      <RunInfo computerName="SHAREPOINT" outcome="Error" timestamp="2009-10-01T21:38:37.5937500-05:00">
        <Text>Test host process exited unexpectedly.</Text>
      </RunInfo>
    </RunInfos>
  </ResultSummary>
  <Times creation="2009-10-01T21:36:57.1093750-05:00" queuing="2009-10-01T21:36:59.6875000-05:00" start="2009-10-01T21:37:00.4375000-05:00" finish="2009-10-01T21:38:37.6406250-05:00" />
  <TestDefinitions>
    <UnitTest name="TestGetTweetsWithoutSettings" storage="c:\documents and settings\administrator\my documents\visual studio 2008\projects\webpart1\twittertest\bin\debug\twittertest.dll" id="d432fb7b-c15d-1e83-6e03-8fc0d9f13ab8">
      <Css projectStructure="" iteration="" />
      <Owners>
        <Owner name="" />
      </Owners>
      <TestMethod codeBase="C:\Documents and Settings\Administrator\My Documents\Visual Studio 2008\Projects\WebPart1\TwitterTest\bin\Debug\TwitterTest.dll" adapterTypeName="Microsoft.VisualStudio.TestTools.TestTypes.Unit.UnitTestAdapter, Microsoft.VisualStudio.QualityTools.Tips.UnitTest.Adapter, Version=9.0.0.0, Culture=neutral, PublicKeyToken=b03f5f7f11d50a3a" className="TwitterTest.TwitterServiceTest, TwitterTest" name="TestGetTweetsWithoutSettings" />
    </UnitTest>
    <UnitTest name="TestGetTweets" storage="c:\documents and settings\administrator\my documents\visual studio 2008\projects\webpart1\twittertest\bin\debug\twittertest.dll" id="3bd4fa63-cc17-eab2-6de9-7f5dc0a8e155">
      <Css projectStructure="" iteration="" />
      <Owners>
        <Owner name="" />
      </Owners>
      <Execution id="8e51ff74-f17c-4ac1-af42-01ad53058f59" />
      <TestMethod codeBase="C:\Documents and Settings\Administrator\My Documents\Visual Studio 2008\Projects\WebPart1\TwitterTest\bin\Debug\TwitterTest.dll" adapterTypeName="Microsoft.VisualStudio.TestTools.TestTypes.Unit.UnitTestAdapter, Microsoft.VisualStudio.QualityTools.Tips.UnitTest.Adapter, Version=9.0.0.0, Culture=neutral, PublicKeyToken=b03f5f7f11d50a3a" className="TwitterTest.TwitterServiceTest, TwitterTest" name="TestGetTweets" />
    </UnitTest>
    <UnitTest name="TestSendTweets" storage="c:\documents and settings\administrator\my documents\visual studio 2008\projects\webpart1\twittertest\bin\debug\twittertest.dll" id="9f96dc3e-b776-a96e-10fc-a0a5ac6e3b4b">
      <Css projectStructure="" iteration="" />
      <Owners>
        <Owner name="" />
      </Owners>
      <Execution id="26c7971d-f580-4bea-a1df-0aa88a5f5ac8" />
      <TestMethod codeBase="C:\Documents and Settings\Administrator\My Documents\Visual Studio 2008\Projects\WebPart1\TwitterTest\bin\Debug\TwitterTest.dll" adapterTypeName="Microsoft.VisualStudio.TestTools.TestTypes.Unit.UnitTestAdapter, Microsoft.VisualStudio.QualityTools.Tips.UnitTest.Adapter, Version=9.0.0.0, Culture=neutral, PublicKeyToken=b03f5f7f11d50a3a" className="TwitterTest.TwitterServiceTest, TwitterTest" name="TestSendTweets" />
    </UnitTest>
  </TestDefinitions>
  <TestLists>
    <TestList name="Results Not in a List" id="8c84fa94-04c1-424b-9868-57a2d4851a1d" />
    <TestList name="All Loaded Results" id="19431567-8539-422a-85d7-44ee4e166bda" />
  </TestLists>
  <TestEntries>
    <TestEntry testId="3bd4fa63-cc17-eab2-6de9-7f5dc0a8e155" executionId="8e51ff74-f17c-4ac1-af42-01ad53058f59" testListId="8c84fa94-04c1-424b-9868-57a2d4851a1d" />
    <TestEntry testId="9f96dc3e-b776-a96e-10fc-a0a5ac6e3b4b" executionId="415f651e-edae-4b21-a440-8a268ade80c6" testListId="8c84fa94-04c1-424b-9868-57a2d4851a1d" />
    <TestEntry testId="d432fb7b-c15d-1e83-6e03-8fc0d9f13ab8" executionId="27a5a75a-ac53-4b11-94f6-65537676da84" testListId="8c84fa94-04c1-424b-9868-57a2d4851a1d" />
  </TestEntries>
  <Results>
    <UnitTestResult executionId="8e51ff74-f17c-4ac1-af42-01ad53058f59" testId="3bd4fa63-cc17-eab2-6de9-7f5dc0a8e155" testName="TestGetTweets" computerName="SHAREPOINT" duration="00:00:11.3595496" startTime="2009-10-01T21:37:00.6875000-05:00" endTime="2009-10-01T21:37:12.7500000-05:00" testType="13cdc9d9-ddb5-4fa4-a97d-d965ccfc6d4b" outcome="Passed" testListId="8c84fa94-04c1-424b-9868-57a2d4851a1d">
      <Output>
      </Output>
    </UnitTestResult>
    <UnitTestResult executionId="415f651e-edae-4b21-a440-8a268ade80c6" testId="9f96dc3e-b776-a96e-10fc-a0a5ac6e3b4b" testName="TestSendTweets" computerName="SHAREPOINT" duration="00:01:24.8750000" startTime="2009-10-01T21:37:12.7656250-05:00" endTime="2009-10-01T21:38:37.6406250-05:00" testType="13cdc9d9-ddb5-4fa4-a97d-d965ccfc6d4b" outcome="Aborted" testListId="8c84fa94-04c1-424b-9868-57a2d4851a1d">
    </UnitTestResult>
    <UnitTestResult executionId="27a5a75a-ac53-4b11-94f6-65537676da84" testId="d432fb7b-c15d-1e83-6e03-8fc0d9f13ab8" testName="TestGetTweetsWithoutSettings" computerName="SHAREPOINT" duration="00:00:00" startTime="0001-01-01T00:00:00.0000000-06:00" endTime="0001-01-01T00:00:00.0000000-06:00" testType="13cdc9d9-ddb5-4fa4-a97d-d965ccfc6d4b" outcome="NotExecuted" testListId="8c84fa94-04c1-424b-9868-57a2d4851a1d">
    </UnitTestResult>
  </Results>
</TestRun>