<?xml version="1.0" encoding="UTF-8"?>
<TestRun id="820cc0b8-419c-4886-ae18-1a0e56cf50ef" name="Administrator@SHAREPOINT 2009-10-08 17:51:52" runUser="PRESENTLY\Administrator" xmlns="http://microsoft.com/schemas/VisualStudio/TeamTest/2006">
  <TestRunConfiguration name="Local Test Run" id="5e53431e-dd66-4fb7-afc2-7ff1996d5f6a">
    <Description>This is a default test run configuration for a local test run.</Description>
    <Deployment runDeploymentRoot="C:\Documents and Settings\Administrator\My Documents\Visual Studio 2008\Projects\WebPart1\TestResults\Administrator_SHAREPOINT 2009-10-08 17_51_52" />
    <TestTypeSpecific />
  </TestRunConfiguration>
  <ResultSummary outcome="Failed">
    <Counters total="1" executed="1" error="0" failed="1" timeout="0" aborted="0" inconclusive="0" passedButRunAborted="0" notRunnable="0" notExecuted="0" disconnected="0" warning="0" passed="0" completed="0" inProgress="0" pending="0" />
  </ResultSummary>
  <Times creation="2009-10-08T17:51:52.7656250-05:00" queuing="2009-10-08T17:52:16.9687500-05:00" start="2009-10-08T17:52:17.7968750-05:00" finish="2009-10-08T17:54:02.9062500-05:00" />
  <TestDefinitions>
    <UnitTest name="TestSendTweets" storage="c:\documents and settings\administrator\my documents\visual studio 2008\projects\webpart1\twittertest\bin\debug\twittertest.dll" id="9f96dc3e-b776-a96e-10fc-a0a5ac6e3b4b">
      <Css projectStructure="" iteration="" />
      <Owners>
        <Owner name="" />
      </Owners>
      <Execution id="4f6d1f85-93ba-4094-ba95-d9da3791ce43" />
      <TestMethod codeBase="C:\Documents and Settings\Administrator\My Documents\Visual Studio 2008\Projects\WebPart1\TwitterTest\bin\Debug\TwitterTest.dll" adapterTypeName="Microsoft.VisualStudio.TestTools.TestTypes.Unit.UnitTestAdapter, Microsoft.VisualStudio.QualityTools.Tips.UnitTest.Adapter, Version=9.0.0.0, Culture=neutral, PublicKeyToken=b03f5f7f11d50a3a" className="TwitterTest.TwitterServiceTest, TwitterTest" name="TestSendTweets" />
    </UnitTest>
  </TestDefinitions>
  <TestLists>
    <TestList name="Results Not in a List" id="8c84fa94-04c1-424b-9868-57a2d4851a1d" />
    <TestList name="All Loaded Results" id="19431567-8539-422a-85d7-44ee4e166bda" />
  </TestLists>
  <TestEntries>
    <TestEntry testId="9f96dc3e-b776-a96e-10fc-a0a5ac6e3b4b" executionId="4f6d1f85-93ba-4094-ba95-d9da3791ce43" testListId="8c84fa94-04c1-424b-9868-57a2d4851a1d" />
  </TestEntries>
  <Results>
    <UnitTestResult executionId="4f6d1f85-93ba-4094-ba95-d9da3791ce43" testId="9f96dc3e-b776-a96e-10fc-a0a5ac6e3b4b" testName="TestSendTweets" computerName="SHAREPOINT" duration="00:01:42.6413396" startTime="2009-10-08T17:52:18.0156250-05:00" endTime="2009-10-08T17:54:01.6718750-05:00" testType="13cdc9d9-ddb5-4fa4-a97d-d965ccfc6d4b" outcome="Failed" testListId="8c84fa94-04c1-424b-9868-57a2d4851a1d">
      <Output>
        <ErrorInfo>
          <Message>Assert.IsTrue failed. </Message>
          <StackTrace>   at TwitterTest.TwitterServiceTest.TestSendTweets() in C:\Documents and Settings\Administrator\My Documents\Visual Studio 2008\Projects\WebPart1\TwitterTest\TwitterServiceTest.cs:line 85
</StackTrace>
        </ErrorInfo>
      </Output>
    </UnitTestResult>
  </Results>
</TestRun>