<?xml version="1.0" encoding="UTF-8"?>
<TestRun id="a7bd3947-ef9a-4a7f-ac4d-5a72407bddf8" name="Administrator@SHAREPOINT 2009-10-01 16:24:34" runUser="PRESENTLY\Administrator" xmlns="http://microsoft.com/schemas/VisualStudio/TeamTest/2006">
  <TestRunConfiguration name="Local Test Run" id="5e53431e-dd66-4fb7-afc2-7ff1996d5f6a">
    <Description>This is a default test run configuration for a local test run.</Description>
    <Deployment runDeploymentRoot="C:\Documents and Settings\Administrator\My Documents\Visual Studio 2008\Projects\WebPart1\TestResults\Administrator_SHAREPOINT 2009-10-01 16_24_34">
      <DeploymentItem filename="C:\Documents and Settings\Administrator\My Documents\Visual Studio 2008\Projects\WebPart1\WebPart1\bin\Debug\WebPart1.dll" />
    </Deployment>
    <TestTypeSpecific />
  </TestRunConfiguration>
  <ResultSummary outcome="Completed">
    <Counters total="1" executed="1" passed="1" error="0" failed="0" timeout="0" aborted="0" inconclusive="0" passedButRunAborted="0" notRunnable="0" notExecuted="0" disconnected="0" warning="0" completed="0" inProgress="0" pending="0" />
  </ResultSummary>
  <Times creation="2009-10-01T16:24:34.2031250-05:00" queuing="2009-10-01T16:24:39.3906250-05:00" start="2009-10-01T16:24:40.2031250-05:00" finish="2009-10-01T16:25:49.6562500-05:00" />
  <TestDefinitions>
    <UnitTest name="TestGetTweets" storage="c:\documents and settings\administrator\my documents\visual studio 2008\projects\webpart1\twittertest\bin\debug\twittertest.dll" id="3bd4fa63-cc17-eab2-6de9-7f5dc0a8e155">
      <Css projectStructure="" iteration="" />
      <Owners>
        <Owner name="" />
      </Owners>
      <Execution id="2b83a471-4051-4125-9198-d47e357731ec" />
      <TestMethod codeBase="C:\Documents and Settings\Administrator\My Documents\Visual Studio 2008\Projects\WebPart1\TwitterTest\bin\Debug\TwitterTest.dll" adapterTypeName="Microsoft.VisualStudio.TestTools.TestTypes.Unit.UnitTestAdapter, Microsoft.VisualStudio.QualityTools.Tips.UnitTest.Adapter, Version=9.0.0.0, Culture=neutral, PublicKeyToken=b03f5f7f11d50a3a" className="TwitterTest.TwitterServiceTest, TwitterTest" name="TestGetTweets" />
    </UnitTest>
  </TestDefinitions>
  <TestLists>
    <TestList name="Results Not in a List" id="8c84fa94-04c1-424b-9868-57a2d4851a1d" />
    <TestList name="All Loaded Results" id="19431567-8539-422a-85d7-44ee4e166bda" />
  </TestLists>
  <TestEntries>
    <TestEntry testId="3bd4fa63-cc17-eab2-6de9-7f5dc0a8e155" executionId="2b83a471-4051-4125-9198-d47e357731ec" testListId="8c84fa94-04c1-424b-9868-57a2d4851a1d" />
  </TestEntries>
  <Results>
    <UnitTestResult executionId="2b83a471-4051-4125-9198-d47e357731ec" testId="3bd4fa63-cc17-eab2-6de9-7f5dc0a8e155" testName="TestGetTweets" computerName="SHAREPOINT" duration="00:01:06.2776241" startTime="2009-10-01T16:24:40.4218750-05:00" endTime="2009-10-01T16:25:48.3281250-05:00" testType="13cdc9d9-ddb5-4fa4-a97d-d965ccfc6d4b" outcome="Passed" testListId="8c84fa94-04c1-424b-9868-57a2d4851a1d">
      <Output>
      </Output>
    </UnitTestResult>
  </Results>
</TestRun>