<?xml version="1.0" encoding="UTF-8"?>
<TestRun id="12443882-290a-472b-8fa4-1f78845d396c" name="Administrator@SHAREPOINT 2009-09-30 23:37:52" runUser="PRESENTLY\Administrator" xmlns="http://microsoft.com/schemas/VisualStudio/TeamTest/2006">
  <TestRunConfiguration name="Local Test Run" id="5e53431e-dd66-4fb7-afc2-7ff1996d5f6a">
    <Description>This is a default test run configuration for a local test run.</Description>
    <Deployment runDeploymentRoot="C:\Documents and Settings\Administrator\My Documents\Visual Studio 2008\Projects\WebPart1\TestResults\Administrator_SHAREPOINT 2009-09-30 23_37_52">
      <DeploymentItem filename="C:\Documents and Settings\Administrator\My Documents\Visual Studio 2008\Projects\WebPart1\WebPart1\bin\Debug\WebPart1.dll" />
    </Deployment>
    <TestTypeSpecific />
  </TestRunConfiguration>
  <ResultSummary outcome="Completed">
    <Counters total="1" executed="1" passed="1" error="0" failed="0" timeout="0" aborted="0" inconclusive="0" passedButRunAborted="0" notRunnable="0" notExecuted="0" disconnected="0" warning="0" completed="0" inProgress="0" pending="0" />
  </ResultSummary>
  <Times creation="2009-09-30T23:37:52.5625000-05:00" queuing="2009-09-30T23:37:54.7500000-05:00" start="2009-09-30T23:37:55.2500000-05:00" finish="2009-09-30T23:38:52.8593750-05:00" />
  <TestDefinitions>
    <UnitTest name="TestGetTweetsWithoutSettings" storage="c:\documents and settings\administrator\my documents\visual studio 2008\projects\webpart1\twittertest\bin\debug\twittertest.dll" id="d432fb7b-c15d-1e83-6e03-8fc0d9f13ab8">
      <Css projectStructure="" iteration="" />
      <Owners>
        <Owner name="" />
      </Owners>
      <Execution id="24a737af-98c6-4257-9749-f72e5118bb42" />
      <TestMethod codeBase="C:\Documents and Settings\Administrator\My Documents\Visual Studio 2008\Projects\WebPart1\TwitterTest\bin\Debug\TwitterTest.dll" adapterTypeName="Microsoft.VisualStudio.TestTools.TestTypes.Unit.UnitTestAdapter, Microsoft.VisualStudio.QualityTools.Tips.UnitTest.Adapter, Version=9.0.0.0, Culture=neutral, PublicKeyToken=b03f5f7f11d50a3a" className="TwitterTest.TwitterServiceTest, TwitterTest" name="TestGetTweetsWithoutSettings" />
    </UnitTest>
  </TestDefinitions>
  <TestLists>
    <TestList name="Results Not in a List" id="8c84fa94-04c1-424b-9868-57a2d4851a1d" />
    <TestList name="All Loaded Results" id="19431567-8539-422a-85d7-44ee4e166bda" />
  </TestLists>
  <TestEntries>
    <TestEntry testId="d432fb7b-c15d-1e83-6e03-8fc0d9f13ab8" executionId="24a737af-98c6-4257-9749-f72e5118bb42" testListId="8c84fa94-04c1-424b-9868-57a2d4851a1d" />
  </TestEntries>
  <Results>
    <UnitTestResult executionId="24a737af-98c6-4257-9749-f72e5118bb42" testId="d432fb7b-c15d-1e83-6e03-8fc0d9f13ab8" testName="TestGetTweetsWithoutSettings" computerName="SHAREPOINT" duration="00:00:56.3553817" startTime="2009-09-30T23:37:55.4218750-05:00" endTime="2009-09-30T23:38:52.4375000-05:00" testType="13cdc9d9-ddb5-4fa4-a97d-d965ccfc6d4b" outcome="Passed" testListId="8c84fa94-04c1-424b-9868-57a2d4851a1d">
      <Output>
      </Output>
    </UnitTestResult>
  </Results>
</TestRun>