<?xml version="1.0" encoding="UTF-8"?>
<TestRun id="e0976738-948b-43dd-b637-5fc96b6929e9" name="Administrator@SHAREPOINT 2009-09-30 23:55:06" runUser="PRESENTLY\Administrator" xmlns="http://microsoft.com/schemas/VisualStudio/TeamTest/2006">
  <TestRunConfiguration name="Local Test Run" id="5e53431e-dd66-4fb7-afc2-7ff1996d5f6a">
    <Description>This is a default test run configuration for a local test run.</Description>
    <Deployment runDeploymentRoot="C:\Documents and Settings\Administrator\My Documents\Visual Studio 2008\Projects\WebPart1\TestResults\Administrator_SHAREPOINT 2009-09-30 23_55_06">
      <DeploymentItem filename="C:\Documents and Settings\Administrator\My Documents\Visual Studio 2008\Projects\WebPart1\WebPart1\bin\Debug\WebPart1.dll" />
    </Deployment>
    <TestTypeSpecific />
  </TestRunConfiguration>
  <ResultSummary outcome="Completed">
    <Counters total="2" executed="2" passed="2" error="0" failed="0" timeout="0" aborted="0" inconclusive="0" passedButRunAborted="0" notRunnable="0" notExecuted="0" disconnected="0" warning="0" completed="0" inProgress="0" pending="0" />
  </ResultSummary>
  <Times creation="2009-09-30T23:55:06.2500000-05:00" queuing="2009-09-30T23:55:09.2031250-05:00" start="2009-09-30T23:55:09.7656250-05:00" finish="2009-09-30T23:55:22.5156250-05:00" />
  <TestDefinitions>
    <UnitTest name="TestGetTweetsWithoutSettings" storage="c:\documents and settings\administrator\my documents\visual studio 2008\projects\webpart1\twittertest\bin\debug\twittertest.dll" id="d432fb7b-c15d-1e83-6e03-8fc0d9f13ab8">
      <Css projectStructure="" iteration="" />
      <Owners>
        <Owner name="" />
      </Owners>
      <Execution id="e63185d7-823d-4c88-bffe-4f35d3367a32" />
      <TestMethod codeBase="C:\Documents and Settings\Administrator\My Documents\Visual Studio 2008\Projects\WebPart1\TwitterTest\bin\Debug\TwitterTest.dll" adapterTypeName="Microsoft.VisualStudio.TestTools.TestTypes.Unit.UnitTestAdapter, Microsoft.VisualStudio.QualityTools.Tips.UnitTest.Adapter, Version=9.0.0.0, Culture=neutral, PublicKeyToken=b03f5f7f11d50a3a" className="TwitterTest.TwitterServiceTest, TwitterTest" name="TestGetTweetsWithoutSettings" />
    </UnitTest>
    <UnitTest name="TestGetTweets" storage="c:\documents and settings\administrator\my documents\visual studio 2008\projects\webpart1\twittertest\bin\debug\twittertest.dll" id="3bd4fa63-cc17-eab2-6de9-7f5dc0a8e155">
      <Css projectStructure="" iteration="" />
      <Owners>
        <Owner name="" />
      </Owners>
      <Execution id="997039ce-88cf-446b-a19a-44418bf2aa4e" />
      <TestMethod codeBase="C:\Documents and Settings\Administrator\My Documents\Visual Studio 2008\Projects\WebPart1\TwitterTest\bin\Debug\TwitterTest.dll" adapterTypeName="Microsoft.VisualStudio.TestTools.TestTypes.Unit.UnitTestAdapter, Microsoft.VisualStudio.QualityTools.Tips.UnitTest.Adapter, Version=9.0.0.0, Culture=neutral, PublicKeyToken=b03f5f7f11d50a3a" className="TwitterTest.TwitterServiceTest, TwitterTest" name="TestGetTweets" />
    </UnitTest>
  </TestDefinitions>
  <TestLists>
    <TestList name="Results Not in a List" id="8c84fa94-04c1-424b-9868-57a2d4851a1d" />
    <TestList name="All Loaded Results" id="19431567-8539-422a-85d7-44ee4e166bda" />
  </TestLists>
  <TestEntries>
    <TestEntry testId="3bd4fa63-cc17-eab2-6de9-7f5dc0a8e155" executionId="997039ce-88cf-446b-a19a-44418bf2aa4e" testListId="8c84fa94-04c1-424b-9868-57a2d4851a1d" />
    <TestEntry testId="d432fb7b-c15d-1e83-6e03-8fc0d9f13ab8" executionId="e63185d7-823d-4c88-bffe-4f35d3367a32" testListId="8c84fa94-04c1-424b-9868-57a2d4851a1d" />
  </TestEntries>
  <Results>
    <UnitTestResult executionId="997039ce-88cf-446b-a19a-44418bf2aa4e" testId="3bd4fa63-cc17-eab2-6de9-7f5dc0a8e155" testName="TestGetTweets" computerName="SHAREPOINT" duration="00:00:11.3720028" startTime="2009-09-30T23:55:09.9375000-05:00" endTime="2009-09-30T23:55:21.9218750-05:00" testType="13cdc9d9-ddb5-4fa4-a97d-d965ccfc6d4b" outcome="Passed" testListId="8c84fa94-04c1-424b-9868-57a2d4851a1d">
      <Output>
      </Output>
    </UnitTestResult>
    <UnitTestResult executionId="e63185d7-823d-4c88-bffe-4f35d3367a32" testId="d432fb7b-c15d-1e83-6e03-8fc0d9f13ab8" testName="TestGetTweetsWithoutSettings" computerName="SHAREPOINT" duration="00:00:00.0006464" startTime="2009-09-30T23:55:22.0000000-05:00" endTime="2009-09-30T23:55:22.0156250-05:00" testType="13cdc9d9-ddb5-4fa4-a97d-d965ccfc6d4b" outcome="Passed" testListId="8c84fa94-04c1-424b-9868-57a2d4851a1d">
      <Output>
      </Output>
    </UnitTestResult>
  </Results>
</TestRun>