<?xml version="1.0" encoding="UTF-8"?>
<TestRun id="6fe6d2c4-6de2-4d70-868d-d2ea84ef01fe" name="Administrator@SHAREPOINT 2009-10-02 17:34:39" runUser="PRESENTLY\Administrator" xmlns="http://microsoft.com/schemas/VisualStudio/TeamTest/2006">
  <TestRunConfiguration name="Local Test Run" id="5e53431e-dd66-4fb7-afc2-7ff1996d5f6a">
    <Description>This is a default test run configuration for a local test run.</Description>
    <Deployment runDeploymentRoot="C:\Documents and Settings\Administrator\My Documents\Visual Studio 2008\Projects\WebPart1\TestResults\Administrator_SHAREPOINT 2009-10-02 17_34_39">
      <DeploymentItem filename="C:\Documents and Settings\Administrator\My Documents\Visual Studio 2008\Projects\WebPart1\WebPart1\bin\Debug\PresentlyWebPart.dll" />
    </Deployment>
    <TestTypeSpecific />
  </TestRunConfiguration>
  <ResultSummary outcome="Completed">
    <Counters total="1" executed="1" passed="1" error="0" failed="0" timeout="0" aborted="0" inconclusive="0" passedButRunAborted="0" notRunnable="0" notExecuted="0" disconnected="0" warning="0" completed="0" inProgress="0" pending="0" />
  </ResultSummary>
  <Times creation="2009-10-02T17:34:39.2187500-05:00" queuing="2009-10-02T17:34:49.2187500-05:00" start="2009-10-02T17:34:49.8906250-05:00" finish="2009-10-02T17:35:43.1718750-05:00" />
  <TestDefinitions>
    <UnitTest name="TestSendTweets" storage="c:\documents and settings\administrator\my documents\visual studio 2008\projects\webpart1\twittertest\bin\debug\twittertest.dll" id="9f96dc3e-b776-a96e-10fc-a0a5ac6e3b4b">
      <Css projectStructure="" iteration="" />
      <Owners>
        <Owner name="" />
      </Owners>
      <Execution id="77414295-24bb-43da-8abd-f23aa9c214d1" />
      <TestMethod codeBase="C:\Documents and Settings\Administrator\My Documents\Visual Studio 2008\Projects\WebPart1\TwitterTest\bin\Debug\TwitterTest.dll" adapterTypeName="Microsoft.VisualStudio.TestTools.TestTypes.Unit.UnitTestAdapter, Microsoft.VisualStudio.QualityTools.Tips.UnitTest.Adapter, Version=9.0.0.0, Culture=neutral, PublicKeyToken=b03f5f7f11d50a3a" className="TwitterTest.TwitterServiceTest, TwitterTest" name="TestSendTweets" />
    </UnitTest>
  </TestDefinitions>
  <TestLists>
    <TestList name="Results Not in a List" id="8c84fa94-04c1-424b-9868-57a2d4851a1d" />
    <TestList name="All Loaded Results" id="19431567-8539-422a-85d7-44ee4e166bda" />
  </TestLists>
  <TestEntries>
    <TestEntry testId="9f96dc3e-b776-a96e-10fc-a0a5ac6e3b4b" executionId="77414295-24bb-43da-8abd-f23aa9c214d1" testListId="8c84fa94-04c1-424b-9868-57a2d4851a1d" />
  </TestEntries>
  <Results>
    <UnitTestResult executionId="77414295-24bb-43da-8abd-f23aa9c214d1" testId="9f96dc3e-b776-a96e-10fc-a0a5ac6e3b4b" testName="TestSendTweets" computerName="SHAREPOINT" duration="00:00:51.4285756" startTime="2009-10-02T17:34:50.0781250-05:00" endTime="2009-10-02T17:35:42.3593750-05:00" testType="13cdc9d9-ddb5-4fa4-a97d-d965ccfc6d4b" outcome="Passed" testListId="8c84fa94-04c1-424b-9868-57a2d4851a1d">
      <Output>
      </Output>
    </UnitTestResult>
  </Results>
</TestRun>